# JRE version: 7.0_10-b18
# Java VM: Java HotSpot(TM) Client VM (23.6-b04 mixed mode windows-x86 )
Heap
 def new generation   total 4928K, used 329K [0x044a0000, 0x049f0000, 0x099f0000)
  eden space 4416K,   1% used [0x044a0000, 0x044b4ea0, 0x048f0000)
  from space 512K,  48% used [0x04970000, 0x049ad918, 0x049f0000)
  to   space 512K,   0% used [0x048f0000, 0x048f0000, 0x04970000)
 tenured generation   total 10944K, used 3479K [0x099f0000, 0x0a4a0000, 0x144a0000)
   the space 10944K,  31% used [0x099f0000, 0x09d55d40, 0x09d55e00, 0x0a4a0000)
 compacting perm gen  total 12288K, used 7349K [0x144a0000, 0x150a0000, 0x184a0000)
   the space 12288K,  59% used [0x144a0000, 0x14bcd748, 0x14bcd800, 0x150a0000)
GC Heap History (6 events):
Event: 4.202 GC heap before
{Heap before GC invocations=0 (full 0):
 def new generation   total 4928K, used 2638K [0x044a0000, 0x049f0000, 0x099f0000)
  eden space 4416K,  59% used [0x044a0000, 0x04733910, 0x048f0000)
  from space 512K,   0% used [0x048f0000, 0x048f0000, 0x04970000)
  to   space 512K,   0% used [0x04970000, 0x04970000, 0x049f0000)
 tenured generation   total 10944K, used 0K [0x099f0000, 0x0a4a0000, 0x144a0000)
   the space 10944K,   0% used [0x099f0000, 0x099f0000, 0x099f0200, 0x0a4a0000)
 compacting perm gen  total 12288K, used 6839K [0x144a0000, 0x150a0000, 0x184a0000)
   the space 12288K,  55% used [0x144a0000, 0x14b4dfd8, 0x14b4e000, 0x150a0000)
No shared spaces configured.
Event: 4.210 GC heap after
Heap after GC invocations=1 (full 0):
 def new generation   total 4928K, used 512K [0x044a0000, 0x049f0000, 0x099f0000)
  eden space 4416K,   0% used [0x044a0000, 0x044a0000, 0x048f0000)
  from space 512K, 100% used [0x04970000, 0x049f0000, 0x049f0000)
  to   space 512K,   0% used [0x048f0000, 0x048f0000, 0x04970000)
 tenured generation   total 10944K, used 756K [0x099f0000, 0x0a4a0000, 0x144a0000)
   the space 10944K,   6% used [0x099f0000, 0x09aad128, 0x09aad200, 0x0a4a0000)
 compacting perm gen  total 12288K, used 6839K [0x144a0000, 0x150a0000, 0x184a0000)
   the space 12288K,  55% used [0x144a0000, 0x14b4dfd8, 0x14b4e000, 0x150a0000)
No shared spaces configured.
}
Event: 29.527 GC heap before
{Heap before GC invocations=1 (full 0):
 def new generation   total 4928K, used 4928K [0x044a0000, 0x049f0000, 0x099f0000)
  eden space 4416K, 100% used [0x044a0000, 0x048f0000, 0x048f0000)
  from space 512K, 100% used [0x04970000, 0x049f0000, 0x049f0000)
  to   space 512K,   0% used [0x048f0000, 0x048f0000, 0x04970000)
 tenured generation   total 10944K, used 756K [0x099f0000, 0x0a4a0000, 0x144a0000)
   the space 10944K,   6% used [0x099f0000, 0x09aad128, 0x09aad200, 0x0a4a0000)
 compacting perm gen  total 12288K, used 7306K [0x144a0000, 0x150a0000, 0x184a0000)
   the space 12288K,  59% used [0x144a0000, 0x14bc2be0, 0x14bc2c00, 0x150a0000)
No shared spaces configured.
Event: 29.533 GC heap after
Heap after GC invocations=2 (full 0):
 def new generation   total 4928K, used 112K [0x044a0000, 0x049f0000, 0x099f0000)
  eden space 4416K,   0% used [0x044a0000, 0x044a0000, 0x048f0000)
  from space 512K,  22% used [0x048f0000, 0x0490c350, 0x04970000)
  to   space 512K,   0% used [0x04970000, 0x04970000, 0x049f0000)
 tenured generation   total 10944K, used 3479K [0x099f0000, 0x0a4a0000, 0x144a0000)
   the space 10944K,  31% used [0x099f0000, 0x09d55d40, 0x09d55e00, 0x0a4a0000)
 compacting perm gen  total 12288K, used 7306K [0x144a0000, 0x150a0000, 0x184a0000)
   the space 12288K,  59% used [0x144a0000, 0x14bc2be0, 0x14bc2c00, 0x150a0000)
No shared spaces configured.
}
Event: 98.239 GC heap before
{Heap before GC invocations=2 (full 0):
 def new generation   total 4928K, used 4528K [0x044a0000, 0x049f0000, 0x099f0000)
  eden space 4416K, 100% used [0x044a0000, 0x048f0000, 0x048f0000)
  from space 512K,  22% used [0x048f0000, 0x0490c350, 0x04970000)
  to   space 512K,   0% used [0x04970000, 0x04970000, 0x049f0000)
 tenured generation   total 10944K, used 3479K [0x099f0000, 0x0a4a0000, 0x144a0000)
   the space 10944K,  31% used [0x099f0000, 0x09d55d40, 0x09d55e00, 0x0a4a0000)
 compacting perm gen  total 12288K, used 7349K [0x144a0000, 0x150a0000, 0x184a0000)
   the space 12288K,  59% used [0x144a0000, 0x14bcd748, 0x14bcd800, 0x150a0000)
No shared spaces configured.
Event: 98.243 GC heap after
Heap after GC invocations=3 (full 0):
 def new generation   total 4928K, used 246K [0x044a0000, 0x049f0000, 0x099f0000)
  eden space 4416K,   0% used [0x044a0000, 0x044a0000, 0x048f0000)
  from space 512K,  48% used [0x04970000, 0x049ad918, 0x049f0000)
  to   space 512K,   0% used [0x048f0000, 0x048f0000, 0x04970000)
 tenured generation   total 10944K, used 3479K [0x099f0000, 0x0a4a0000, 0x144a0000)
   the space 10944K,  31% used [0x099f0000, 0x09d55d40, 0x09d55e00, 0x0a4a0000)
 compacting perm gen  total 12288K, used 7349K [0x144a0000, 0x150a0000, 0x184a0000)
   the space 12288K,  59% used [0x144a0000, 0x14bcd748, 0x14bcd800, 0x150a0000)
No shared spaces configured.
}

